INFO: [VRFC 10-2263] Analyzing Verilog file "D:/study/COD/lab/lab7_cpu_pipeline/lab7/lab7.ip_user_files/ipstatic/dist_mem_gen_v8_0_10/simulation/dist_mem_gen_v8_0.v" into library dist_mem_gen_v8_0_10
INFO: [VRFC 10-311] analyzing module dist_mem_gen_v8_0_10
INFO: [VRFC 10-2263] Analyzing Verilog file "D:/study/COD/lab/lab7_cpu_pipeline/lab7/lab7.srcs/sources_1/ip/Inst_mem/sim/Inst_mem.v" into library xil_defaultlib
INFO: [VRFC 10-311] analyzing module Inst_mem
INFO: [VRFC 10-2263] Analyzing Verilog file "D:/study/COD/lab/lab7_cpu_pipeline/lab7/lab7.srcs/sources_1/ip/data_mem/sim/data_mem.v" into library xil_defaultlib
INFO: [VRFC 10-311] analyzing module data_mem
INFO: [VRFC 10-2263] Analyzing Verilog file "D:/study/COD/lab/lab7_cpu_pipeline/lab7/lab7.srcs/sources_1/new/control.v" into library xil_defaultlib
INFO: [VRFC 10-311] analyzing module control
INFO: [VRFC 10-2263] Analyzing Verilog file "D:/study/COD/lab/lab7_cpu_pipeline/lab7/lab7.srcs/sources_1/new/hazard.v" into library xil_defaultlib
INFO: [VRFC 10-311] analyzing module hazard
INFO: [VRFC 10-2263] Analyzing Verilog file "D:/study/COD/lab/lab7_cpu_pipeline/lab7/lab7.srcs/sources_1/new/ALU.v" into library xil_defaultlib
INFO: [VRFC 10-311] analyzing module ALU
INFO: [VRFC 10-2263] Analyzing Verilog file "D:/study/COD/lab/lab7_cpu_pipeline/lab7/lab7.srcs/sources_1/new/REG_FILE.v" into library xil_defaultlib
INFO: [VRFC 10-311] analyzing module REG_FILE
INFO: [VRFC 10-2263] Analyzing Verilog file "D:/study/COD/lab/lab7_cpu_pipeline/lab7/lab7.srcs/sources_1/new/top.v" into library xil_defaultlib
INFO: [VRFC 10-311] analyzing module top
INFO: [VRFC 10-2458] undeclared symbol InstrF, assumed default net type wire [D:/study/COD/lab/lab7_cpu_pipeline/lab7/lab7.srcs/sources_1/new/top.v:77]
INFO: [VRFC 10-2458] undeclared symbol JumpD, assumed default net type wire [D:/study/COD/lab/lab7_cpu_pipeline/lab7/lab7.srcs/sources_1/new/top.v:95]
ERROR: [VRFC 10-2071] JumpD is already implicitly declared on line 95 [D:/study/COD/lab/lab7_cpu_pipeline/lab7/lab7.srcs/sources_1/new/top.v:140]
INFO: [VRFC 10-2458] undeclared symbol SrcAE, assumed default net type wire [D:/study/COD/lab/lab7_cpu_pipeline/lab7/lab7.srcs/sources_1/new/top.v:200]
INFO: [VRFC 10-2458] undeclared symbol SrcBE, assumed default net type wire [D:/study/COD/lab/lab7_cpu_pipeline/lab7/lab7.srcs/sources_1/new/top.v:202]
ERROR: [VRFC 10-1040] module top ignored due to previous errors [D:/study/COD/lab/lab7_cpu_pipeline/lab7/lab7.srcs/sources_1/new/top.v:23]
